mode: set
recything/features/trash_category/service/service.go:14.126,18.2 1 1
recything/features/trash_category/service/service.go:21.85,24.21 2 1
recything/features/trash_category/service/service.go:24.21,26.3 1 1
recything/features/trash_category/service/service.go:28.2,29.21 2 1
recything/features/trash_category/service/service.go:29.21,31.3 1 1
recything/features/trash_category/service/service.go:33.2,35.16 3 1
recything/features/trash_category/service/service.go:35.16,37.3 1 0
recything/features/trash_category/service/service.go:38.2,38.12 1 1
recything/features/trash_category/service/service.go:41.138,43.16 2 1
recything/features/trash_category/service/service.go:43.16,45.3 1 1
recything/features/trash_category/service/service.go:47.2,48.16 2 1
recything/features/trash_category/service/service.go:48.16,50.3 1 1
recything/features/trash_category/service/service.go:51.2,51.40 1 1
recything/features/trash_category/service/service.go:54.91,57.16 2 1
recything/features/trash_category/service/service.go:57.16,59.3 1 1
recything/features/trash_category/service/service.go:60.2,60.20 1 1
recything/features/trash_category/service/service.go:64.70,67.16 2 1
recything/features/trash_category/service/service.go:67.16,69.3 1 1
recything/features/trash_category/service/service.go:70.2,70.12 1 1
recything/features/trash_category/service/service.go:74.129,77.21 2 1
recything/features/trash_category/service/service.go:77.21,79.3 1 1
recything/features/trash_category/service/service.go:81.2,82.16 2 1
recything/features/trash_category/service/service.go:82.16,84.3 1 1
recything/features/trash_category/service/service.go:85.2,86.20 2 1
recything/features/trash_category/service/service.go:89.83,91.20 2 1
recything/features/trash_category/service/service.go:91.20,93.3 1 1
recything/features/trash_category/service/service.go:95.2,95.22 1 1
