mode: atomic
recything/features/admin/service/service.go:20.87,24.2 1 35
recything/features/admin/service/service.go:26.110,29.21 2 6
recything/features/admin/service/service.go:29.21,31.3 1 1
recything/features/admin/service/service.go:33.2,34.21 2 5
recything/features/admin/service/service.go:34.21,36.3 1 1
recything/features/admin/service/service.go:38.2,39.21 2 4
recything/features/admin/service/service.go:39.21,41.3 1 1
recything/features/admin/service/service.go:43.2,44.22 2 3
recything/features/admin/service/service.go:44.22,46.3 1 1
recything/features/admin/service/service.go:48.2,49.20 2 2
recything/features/admin/service/service.go:49.20,51.3 1 0
recything/features/admin/service/service.go:53.2,53.43 1 2
recything/features/admin/service/service.go:53.43,55.3 1 0
recything/features/admin/service/service.go:57.2,60.22 3 2
recything/features/admin/service/service.go:60.22,62.3 1 1
recything/features/admin/service/service.go:64.2,64.24 1 1
recything/features/admin/service/service.go:67.114,69.16 2 2
recything/features/admin/service/service.go:69.16,71.3 1 1
recything/features/admin/service/service.go:73.2,74.16 2 1
recything/features/admin/service/service.go:74.16,76.3 1 0
recything/features/admin/service/service.go:77.2,77.46 1 1
recything/features/admin/service/service.go:80.75,83.16 2 4
recything/features/admin/service/service.go:83.16,85.3 1 1
recything/features/admin/service/service.go:87.2,87.24 1 3
recything/features/admin/service/service.go:90.110,93.21 2 6
recything/features/admin/service/service.go:93.21,95.3 1 1
recything/features/admin/service/service.go:97.2,98.21 2 5
recything/features/admin/service/service.go:98.21,100.3 1 1
recything/features/admin/service/service.go:102.2,103.21 2 4
recything/features/admin/service/service.go:103.21,105.3 1 1
recything/features/admin/service/service.go:107.2,108.22 2 3
recything/features/admin/service/service.go:108.22,110.3 1 1
recything/features/admin/service/service.go:112.2,113.22 2 2
recything/features/admin/service/service.go:113.22,115.3 1 0
recything/features/admin/service/service.go:117.2,117.36 1 2
recything/features/admin/service/service.go:117.37,119.3 0 2
recything/features/admin/service/service.go:119.8,121.21 2 0
recything/features/admin/service/service.go:121.21,123.4 1 0
recything/features/admin/service/service.go:126.2,126.43 1 2
recything/features/admin/service/service.go:126.43,128.3 1 0
recything/features/admin/service/service.go:130.2,131.20 2 2
recything/features/admin/service/service.go:131.20,133.3 1 0
recything/features/admin/service/service.go:134.2,138.16 4 2
recything/features/admin/service/service.go:138.16,140.3 1 1
recything/features/admin/service/service.go:142.2,142.12 1 1
recything/features/admin/service/service.go:145.58,148.16 2 2
recything/features/admin/service/service.go:148.16,150.3 1 1
recything/features/admin/service/service.go:152.2,152.12 1 1
recything/features/admin/service/service.go:155.105,158.21 2 4
recything/features/admin/service/service.go:158.21,160.3 1 1
recything/features/admin/service/service.go:162.2,163.21 2 3
recything/features/admin/service/service.go:163.21,165.3 1 1
recything/features/admin/service/service.go:167.2,168.16 2 2
recything/features/admin/service/service.go:168.16,170.3 1 1
recything/features/admin/service/service.go:172.2,173.21 2 1
recything/features/admin/service/service.go:173.21,175.3 1 0
recything/features/admin/service/service.go:176.2,176.25 1 1
recything/features/admin/service/service.go:181.117,183.16 2 2
recything/features/admin/service/service.go:183.16,185.3 1 1
recything/features/admin/service/service.go:186.2,187.16 2 1
recything/features/admin/service/service.go:187.16,189.3 1 0
recything/features/admin/service/service.go:191.2,191.40 1 1
recything/features/admin/service/service.go:194.77,198.16 2 2
recything/features/admin/service/service.go:198.16,200.3 1 1
recything/features/admin/service/service.go:202.2,202.18 1 1
recything/features/admin/service/service.go:205.58,208.16 2 2
recything/features/admin/service/service.go:208.16,210.3 1 1
recything/features/admin/service/service.go:212.2,212.12 1 1
recything/features/admin/service/service.go:216.150,218.26 2 0
recything/features/admin/service/service.go:218.26,220.3 1 0
recything/features/admin/service/service.go:222.2,230.55 3 0
recything/features/admin/service/service.go:230.55,232.3 1 0
recything/features/admin/service/service.go:234.2,235.16 2 0
recything/features/admin/service/service.go:235.16,237.3 1 0
recything/features/admin/service/service.go:239.2,239.41 1 0
recything/features/admin/service/service.go:243.112,246.21 2 4
recything/features/admin/service/service.go:246.21,248.3 1 1
recything/features/admin/service/service.go:250.2,250.42 1 3
recything/features/admin/service/service.go:250.42,252.3 1 1
recything/features/admin/service/service.go:254.2,254.41 1 2
recything/features/admin/service/service.go:254.41,256.3 1 1
recything/features/admin/service/service.go:258.2,259.16 2 1
recything/features/admin/service/service.go:259.16,261.3 1 0
recything/features/admin/service/service.go:263.2,263.71 1 1
recything/features/admin/service/service.go:263.71,265.3 1 0
recything/features/admin/service/service.go:267.2,268.16 2 1
recything/features/admin/service/service.go:268.16,270.3 1 0
recything/features/admin/service/service.go:272.2,272.18 1 1
recything/features/admin/service/service.go:276.77,278.16 2 3
recything/features/admin/service/service.go:278.16,280.3 1 2
recything/features/admin/service/service.go:281.2,281.22 1 1
