mode: set
recything/features/dashboard/service/service.go:13.110,17.2 1 1
recything/features/dashboard/service/service.go:20.295,22.16 2 1
recything/features/dashboard/service/service.go:22.16,24.3 1 1
recything/features/dashboard/service/service.go:26.2,27.16 2 1
recything/features/dashboard/service/service.go:27.16,29.3 1 1
recything/features/dashboard/service/service.go:31.2,32.16 2 1
recything/features/dashboard/service/service.go:32.16,34.3 1 0
recything/features/dashboard/service/service.go:36.2,37.16 2 1
recything/features/dashboard/service/service.go:37.16,39.3 1 1
recything/features/dashboard/service/service.go:41.2,42.16 2 1
recything/features/dashboard/service/service.go:42.16,44.3 1 1
recything/features/dashboard/service/service.go:46.2,47.16 2 1
recything/features/dashboard/service/service.go:47.16,49.3 1 1
recything/features/dashboard/service/service.go:51.2,52.16 2 1
recything/features/dashboard/service/service.go:52.16,54.3 1 1
recything/features/dashboard/service/service.go:56.2,57.16 2 1
recything/features/dashboard/service/service.go:57.16,59.3 1 0
recything/features/dashboard/service/service.go:61.2,62.16 2 1
recything/features/dashboard/service/service.go:62.16,64.3 1 1
recything/features/dashboard/service/service.go:66.2,67.16 2 1
recything/features/dashboard/service/service.go:67.16,69.3 1 0
recything/features/dashboard/service/service.go:71.2,81.119 10 1
recything/features/dashboard/service/service.go:85.294,87.16 2 1
recything/features/dashboard/service/service.go:87.16,89.3 1 1
recything/features/dashboard/service/service.go:91.2,92.16 2 1
recything/features/dashboard/service/service.go:92.16,94.3 1 1
recything/features/dashboard/service/service.go:96.2,97.16 2 1
recything/features/dashboard/service/service.go:97.16,99.3 1 0
recything/features/dashboard/service/service.go:101.2,102.16 2 1
recything/features/dashboard/service/service.go:102.16,104.3 1 1
recything/features/dashboard/service/service.go:106.2,107.16 2 1
recything/features/dashboard/service/service.go:107.16,109.3 1 1
recything/features/dashboard/service/service.go:111.2,112.16 2 1
recything/features/dashboard/service/service.go:112.16,114.3 1 1
recything/features/dashboard/service/service.go:116.2,117.16 2 1
recything/features/dashboard/service/service.go:117.16,119.3 1 1
recything/features/dashboard/service/service.go:121.2,122.16 2 1
recything/features/dashboard/service/service.go:122.16,124.3 1 0
recything/features/dashboard/service/service.go:126.2,127.16 2 1
recything/features/dashboard/service/service.go:127.16,129.3 1 0
recything/features/dashboard/service/service.go:131.2,132.16 2 1
recything/features/dashboard/service/service.go:132.16,134.3 1 0
recything/features/dashboard/service/service.go:137.2,149.120 11 1
