mode: set
recything/features/report/service/service.go:17.94,21.2 1 1
recything/features/report/service/service.go:24.84,25.18 1 1
recything/features/report/service/service.go:25.18,27.3 1 1
recything/features/report/service/service.go:29.2,30.16 2 1
recything/features/report/service/service.go:30.16,32.3 1 1
recything/features/report/service/service.go:34.2,34.21 1 1
recything/features/report/service/service.go:38.81,39.20 1 1
recything/features/report/service/service.go:39.20,41.3 1 1
recything/features/report/service/service.go:43.2,44.16 2 1
recything/features/report/service/service.go:44.16,46.3 1 1
recything/features/report/service/service.go:48.2,48.24 1 1
recything/features/report/service/service.go:51.142,55.21 3 1
recything/features/report/service/service.go:55.21,57.3 1 1
recything/features/report/service/service.go:59.2,59.38 1 1
recything/features/report/service/service.go:59.38,61.22 2 1
recything/features/report/service/service.go:61.22,63.4 1 1
recything/features/report/service/service.go:65.3,65.89 1 1
recything/features/report/service/service.go:65.89,67.4 1 1
recything/features/report/service/service.go:69.3,69.82 1 1
recything/features/report/service/service.go:69.82,71.4 1 1
recything/features/report/service/service.go:74.2,74.31 1 1
recything/features/report/service/service.go:74.31,75.48 1 1
recything/features/report/service/service.go:75.48,77.4 1 1
recything/features/report/service/service.go:80.2,85.22 5 1
recything/features/report/service/service.go:85.22,87.3 1 1
recything/features/report/service/service.go:89.2,89.27 1 1
