mode: set
recything/features/community/service/service.go:20.106,24.2 1 1
recything/features/community/service/service.go:27.107,29.21 2 1
recything/features/community/service/service.go:29.21,31.3 1 1
recything/features/community/service/service.go:34.2,41.16 5 1
recything/features/community/service/service.go:41.16,43.3 1 1
recything/features/community/service/service.go:45.2,46.22 2 1
recything/features/community/service/service.go:46.22,48.3 1 1
recything/features/community/service/service.go:49.2,49.12 1 1
recything/features/community/service/service.go:53.66,54.14 1 1
recything/features/community/service/service.go:54.14,56.3 1 1
recything/features/community/service/service.go:58.2,59.16 2 1
recything/features/community/service/service.go:59.16,61.3 1 1
recything/features/community/service/service.go:63.2,63.12 1 1
recything/features/community/service/service.go:67.131,69.16 2 1
recything/features/community/service/service.go:69.16,71.3 1 1
recything/features/community/service/service.go:73.2,76.16 3 1
recything/features/community/service/service.go:76.16,78.3 1 1
recything/features/community/service/service.go:80.2,80.45 1 1
recything/features/community/service/service.go:84.87,85.14 1 1
recything/features/community/service/service.go:85.14,87.3 1 1
recything/features/community/service/service.go:89.2,90.16 2 1
recything/features/community/service/service.go:90.16,92.3 1 1
recything/features/community/service/service.go:94.2,94.25 1 1
recything/features/community/service/service.go:98.122,100.21 2 1
recything/features/community/service/service.go:100.21,102.3 1 1
recything/features/community/service/service.go:104.2,109.16 5 1
recything/features/community/service/service.go:109.16,111.3 1 1
recything/features/community/service/service.go:113.2,114.16 2 1
recything/features/community/service/service.go:114.16,116.3 1 1
recything/features/community/service/service.go:118.2,118.12 1 1
recything/features/community/service/service.go:124.134,126.20 2 1
recything/features/community/service/service.go:126.20,128.3 1 1
recything/features/community/service/service.go:130.2,132.21 2 1
recything/features/community/service/service.go:132.21,134.3 1 1
recything/features/community/service/service.go:136.2,136.79 1 1
recything/features/community/service/service.go:136.79,138.3 1 1
recything/features/community/service/service.go:140.2,140.46 1 1
recything/features/community/service/service.go:140.46,142.3 1 1
recything/features/community/service/service.go:144.2,145.22 2 1
recything/features/community/service/service.go:145.22,147.3 1 1
recything/features/community/service/service.go:149.2,149.12 1 1
recything/features/community/service/service.go:153.83,154.19 1 1
recything/features/community/service/service.go:154.19,156.3 1 1
recything/features/community/service/service.go:158.2,159.21 2 1
recything/features/community/service/service.go:159.21,161.3 1 1
recything/features/community/service/service.go:163.2,163.12 1 1
recything/features/community/service/service.go:167.204,170.26 2 1
recything/features/community/service/service.go:170.26,172.3 1 1
recything/features/community/service/service.go:174.2,182.55 3 1
recything/features/community/service/service.go:182.55,184.3 1 1
recything/features/community/service/service.go:186.2,187.16 2 1
recything/features/community/service/service.go:187.16,189.3 1 1
recything/features/community/service/service.go:191.2,191.41 1 1
recything/features/community/service/service.go:195.110,196.19 1 1
recything/features/community/service/service.go:196.19,198.3 1 1
recything/features/community/service/service.go:200.2,201.16 2 1
recything/features/community/service/service.go:201.16,203.3 1 1
recything/features/community/service/service.go:205.2,205.23 1 1
recything/features/community/service/service.go:209.150,210.19 1 1
recything/features/community/service/service.go:210.19,212.3 1 1
recything/features/community/service/service.go:214.2,215.21 2 1
recything/features/community/service/service.go:215.21,217.3 1 1
recything/features/community/service/service.go:218.2,220.21 2 1
recything/features/community/service/service.go:220.21,222.3 1 1
recything/features/community/service/service.go:224.2,224.79 1 1
recything/features/community/service/service.go:224.79,226.3 1 1
recything/features/community/service/service.go:228.2,228.46 1 1
recything/features/community/service/service.go:228.46,230.3 1 1
recything/features/community/service/service.go:232.2,234.22 3 1
recything/features/community/service/service.go:234.22,236.3 1 1
recything/features/community/service/service.go:238.2,238.12 1 1
