mode: set
recything/features/article/service/service.go:18.98,22.2 1 1
recything/features/article/service/service.go:25.58,26.14 1 1
recything/features/article/service/service.go:26.14,28.3 1 1
recything/features/article/service/service.go:30.2,31.23 2 1
recything/features/article/service/service.go:31.23,33.3 1 1
recything/features/article/service/service.go:35.2,35.12 1 1
recything/features/article/service/service.go:39.92,40.21 1 1
recything/features/article/service/service.go:40.21,42.3 1 1
recything/features/article/service/service.go:44.2,45.16 2 1
recything/features/article/service/service.go:45.16,48.3 2 1
recything/features/article/service/service.go:50.2,50.25 1 1
recything/features/article/service/service.go:54.154,56.21 1 1
recything/features/article/service/service.go:56.21,58.3 1 1
recything/features/article/service/service.go:60.2,60.60 1 1
recything/features/article/service/service.go:60.60,62.3 1 1
recything/features/article/service/service.go:64.2,64.40 1 1
recything/features/article/service/service.go:64.40,66.3 1 1
recything/features/article/service/service.go:68.2,68.46 1 1
recything/features/article/service/service.go:68.46,70.3 1 1
recything/features/article/service/service.go:72.2,73.22 2 1
recything/features/article/service/service.go:73.22,75.3 1 1
recything/features/article/service/service.go:77.2,77.27 1 1
recything/features/article/service/service.go:81.137,83.16 1 1
recything/features/article/service/service.go:83.16,85.3 1 1
recything/features/article/service/service.go:87.2,89.18 2 1
recything/features/article/service/service.go:89.18,91.22 2 1
recything/features/article/service/service.go:91.22,93.4 1 1
recything/features/article/service/service.go:94.3,94.20 1 0
recything/features/article/service/service.go:96.2,99.16 3 0
recything/features/article/service/service.go:99.16,101.3 1 0
recything/features/article/service/service.go:103.2,103.38 1 0
recything/features/article/service/service.go:107.136,109.60 1 1
recything/features/article/service/service.go:109.60,111.3 1 1
recything/features/article/service/service.go:113.2,113.40 1 1
recything/features/article/service/service.go:113.40,115.3 1 1
recything/features/article/service/service.go:117.2,117.46 1 1
recything/features/article/service/service.go:117.46,119.3 1 1
recything/features/article/service/service.go:121.2,122.22 2 1
recything/features/article/service/service.go:122.22,124.3 1 1
recything/features/article/service/service.go:126.2,126.27 1 1
recything/features/article/service/service.go:130.80,131.21 1 1
recything/features/article/service/service.go:131.21,133.3 1 1
recything/features/article/service/service.go:135.2,135.18 1 1
recything/features/article/service/service.go:135.18,137.3 1 1
recything/features/article/service/service.go:139.2,140.21 2 1
recything/features/article/service/service.go:140.21,142.3 1 1
recything/features/article/service/service.go:143.2,143.12 1 1
recything/features/article/service/service.go:147.66,148.21 1 1
recything/features/article/service/service.go:148.21,150.3 1 1
recything/features/article/service/service.go:152.2,153.22 2 1
recything/features/article/service/service.go:153.22,155.3 1 1
recything/features/article/service/service.go:156.2,156.12 1 1
recything/features/article/service/service.go:160.95,162.16 2 1
recything/features/article/service/service.go:162.16,164.3 1 1
recything/features/article/service/service.go:166.2,166.25 1 1
